<?xml version="1.0" encoding="UTF-8"?>
<!-- Generated by org.testng.reporters.JUnitReportReporter -->
<testsuite hostname="DESKTOP-6I31IJP" failures="0" tests="6" name="EncorDashboard.TestScripts.AddDashboard" time="323.980" errors="0" timestamp="18 Jan 2019 12:20:09 GMT">
  <testcase classname="EncorDashboard.TestScripts.AddDashboard" name="AddDashboard" time="58.380"/>
  <testcase classname="EncorDashboard.TestScripts.AddDashboard" name="AddDashboard" time="50.862"/>
  <testcase classname="EncorDashboard.TestScripts.AddDashboard" name="AddDashboard" time="58.588"/>
  <testcase classname="EncorDashboard.TestScripts.AddDashboard" name="AddDashboard" time="52.255"/>
  <testcase classname="EncorDashboard.TestScripts.AddDashboard" name="AddDashboard" time="56.149"/>
  <testcase classname="EncorDashboard.TestScripts.AddDashboard" name="AddDashboard" time="47.746"/>
</testsuite> <!-- EncorDashboard.TestScripts.AddDashboard -->
