<?xml version="1.0" encoding="UTF-8"?>
<!-- Generated by org.testng.reporters.JUnitReportReporter -->
<testsuite hostname="Leosavan" name="EncorDashboard.TestScripts.ExportFile" tests="1" failures="0" timestamp="5 Jul 2018 14:56:47 GMT" time="88.740" errors="0">
  <testcase name="ExportDashboard" time="88.740" classname="EncorDashboard.TestScripts.ExportFile"/>
</testsuite> <!-- EncorDashboard.TestScripts.ExportFile -->
