<?xml version="1.0" encoding="UTF-8"?>
<!-- Generated by org.testng.reporters.JUnitReportReporter -->
<testsuite hostname="Leosavan" name="EncorDashboard.TestScripts.UserAccess" tests="1" failures="0" timestamp="7 Dec 2017 10:13:51 GMT" time="47.866" errors="0">
  <testcase name="UserAccess" time="47.866" classname="EncorDashboard.TestScripts.UserAccess"/>
</testsuite> <!-- EncorDashboard.TestScripts.UserAccess -->
