<?xml version="1.0" encoding="UTF-8"?>
<!-- Generated by org.testng.reporters.JUnitReportReporter -->
<testsuite hostname="Leosavan" name="EncorDashboard.TestScripts.AddDashboard" tests="6" failures="0" timestamp="2 Jul 2018 12:40:40 GMT" time="422.941" errors="0">
  <testcase name="AddDashboard" time="60.882" classname="EncorDashboard.TestScripts.AddDashboard"/>
  <testcase name="AddDashboard" time="83.746" classname="EncorDashboard.TestScripts.AddDashboard"/>
  <testcase name="AddDashboard" time="73.862" classname="EncorDashboard.TestScripts.AddDashboard"/>
  <testcase name="AddDashboard" time="73.222" classname="EncorDashboard.TestScripts.AddDashboard"/>
  <testcase name="AddDashboard" time="56.778" classname="EncorDashboard.TestScripts.AddDashboard"/>
  <testcase name="AddDashboard" time="74.451" classname="EncorDashboard.TestScripts.AddDashboard"/>
</testsuite> <!-- EncorDashboard.TestScripts.AddDashboard -->
