<?xml version="1.0" encoding="UTF-8"?>
<!-- Generated by org.testng.reporters.JUnitReportReporter -->
<testsuite hostname="Leosavan" name="EncorDashboard.TestScripts.AddDashboard" tests="6" failures="0" timestamp="3 Jul 2018 13:15:18 GMT" time="415.974" errors="0">
  <testcase name="AddDashboard" time="67.664" classname="EncorDashboard.TestScripts.AddDashboard"/>
  <testcase name="AddDashboard" time="58.260" classname="EncorDashboard.TestScripts.AddDashboard"/>
  <testcase name="AddDashboard" time="83.324" classname="EncorDashboard.TestScripts.AddDashboard"/>
  <testcase name="AddDashboard" time="75.293" classname="EncorDashboard.TestScripts.AddDashboard"/>
  <testcase name="AddDashboard" time="56.692" classname="EncorDashboard.TestScripts.AddDashboard"/>
  <testcase name="AddDashboard" time="74.741" classname="EncorDashboard.TestScripts.AddDashboard"/>
</testsuite> <!-- EncorDashboard.TestScripts.AddDashboard -->
