<?xml version="1.0" encoding="UTF-8"?>
<!-- Generated by org.testng.reporters.JUnitReportReporter -->
<testsuite hostname="DESKTOP-6I31IJP" failures="0" tests="1" name="EncorDashboard.TestScripts.ChangeDashboard" time="116.568" errors="0" timestamp="18 Jan 2019 10:17:12 GMT">
  <testcase classname="EncorDashboard.TestScripts.ChangeDashboard" name="ChangeDashboard" time="116.568"/>
</testsuite> <!-- EncorDashboard.TestScripts.ChangeDashboard -->
