<?xml version="1.0" encoding="UTF-8"?>
<!-- Generated by org.testng.reporters.JUnitReportReporter -->
<testsuite hostname="Leosavan" name="EncorDashboard.TestScripts.AddDashboard" tests="6" failures="0" timestamp="5 Jul 2018 14:56:47 GMT" time="402.425" errors="0">
  <testcase name="AddDashboard" time="64.498" classname="EncorDashboard.TestScripts.AddDashboard"/>
  <testcase name="AddDashboard" time="79.799" classname="EncorDashboard.TestScripts.AddDashboard"/>
  <testcase name="AddDashboard" time="70.215" classname="EncorDashboard.TestScripts.AddDashboard"/>
  <testcase name="AddDashboard" time="69.763" classname="EncorDashboard.TestScripts.AddDashboard"/>
  <testcase name="AddDashboard" time="50.789" classname="EncorDashboard.TestScripts.AddDashboard"/>
  <testcase name="AddDashboard" time="67.361" classname="EncorDashboard.TestScripts.AddDashboard"/>
</testsuite> <!-- EncorDashboard.TestScripts.AddDashboard -->
