<?xml version="1.0" encoding="UTF-8"?>
<!-- Generated by org.testng.reporters.JUnitReportReporter -->
<testsuite hostname="Leosavan" name="EncorDashboard.TestScripts.SaveCurrentView" tests="1" failures="0" timestamp="5 Jul 2018 14:56:47 GMT" time="106.058" errors="0">
  <testcase name="SaveView" time="106.058" classname="EncorDashboard.TestScripts.SaveCurrentView"/>
</testsuite> <!-- EncorDashboard.TestScripts.SaveCurrentView -->
