<?xml version="1.0" encoding="UTF-8"?>
<!-- Generated by org.testng.reporters.JUnitReportReporter -->
<testsuite hostname="Leosavan" name="EncorDashboard.TestScripts.UserAccess" tests="1" failures="0" timestamp="3 Jul 2018 13:15:18 GMT" time="54.799" errors="0">
  <testcase name="UserAccess" time="54.799" classname="EncorDashboard.TestScripts.UserAccess"/>
</testsuite> <!-- EncorDashboard.TestScripts.UserAccess -->
