<?xml version="1.0" encoding="UTF-8"?>
<!-- Generated by org.testng.reporters.JUnitReportReporter -->
<testsuite hostname="DESKTOP-6I31IJP" failures="0" tests="1" name="EncorDashboard.TestScripts.SetResetDashboard" time="154.346" errors="0" timestamp="18 Jan 2019 10:17:12 GMT">
  <testcase classname="EncorDashboard.TestScripts.SetResetDashboard" name="SetResetDashboard" time="154.346"/>
</testsuite> <!-- EncorDashboard.TestScripts.SetResetDashboard -->
