<?xml version="1.0" encoding="UTF-8"?>
<!-- Generated by org.testng.reporters.JUnitReportReporter -->
<testsuite hostname="DESKTOP-6I31IJP" failures="0" tests="1" name="EncorDashboard.TestScripts.ChangeDashboard" time="102.209" errors="0" timestamp="18 Jan 2019 12:43:50 GMT">
  <testcase classname="EncorDashboard.TestScripts.ChangeDashboard" name="ChangeDashboard" time="102.209"/>
</testsuite> <!-- EncorDashboard.TestScripts.ChangeDashboard -->
