<?xml version="1.0" encoding="UTF-8"?>
<!-- Generated by org.testng.reporters.JUnitReportReporter -->
<testsuite hostname="Leosavan" name="EncorDashboard.TestScripts.GetDashboardData" tests="1" failures="0" timestamp="5 Feb 2018 15:59:05 GMT" time="114.688" errors="0">
  <testcase name="UserAccess" time="114.688" classname="EncorDashboard.TestScripts.GetDashboardData"/>
</testsuite> <!-- EncorDashboard.TestScripts.GetDashboardData -->
