<?xml version="1.0" encoding="UTF-8"?>
<!-- Generated by org.testng.reporters.JUnitReportReporter -->
<testsuite hostname="Leosavan" name="EncorDashboard.TestScripts.UserAdministration" tests="1" failures="0" timestamp="7 Dec 2017 10:13:51 GMT" time="74.370" errors="0">
  <testcase name="UserAdministration" time="74.370" classname="EncorDashboard.TestScripts.UserAdministration"/>
</testsuite> <!-- EncorDashboard.TestScripts.UserAdministration -->
