<?xml version="1.0" encoding="UTF-8"?>
<!-- Generated by org.testng.reporters.JUnitReportReporter -->
<testsuite hostname="Leosavan" name="EncorDashboard.TestScripts.ExportFile" tests="1" failures="0" timestamp="7 Dec 2017 10:13:51 GMT" time="335.845" errors="0">
  <testcase name="ExportDashboard" time="335.845" classname="EncorDashboard.TestScripts.ExportFile"/>
</testsuite> <!-- EncorDashboard.TestScripts.ExportFile -->
