<?xml version="1.0" encoding="UTF-8"?>
<!-- Generated by org.testng.reporters.JUnitReportReporter -->
<testsuite hostname="Leosavan" name="EncorDashboard.TestScripts.SaveCurrentView" tests="1" failures="0" timestamp="3 Jul 2018 13:15:18 GMT" time="59.404" errors="0">
  <testcase name="SaveView" time="59.404" classname="EncorDashboard.TestScripts.SaveCurrentView"/>
</testsuite> <!-- EncorDashboard.TestScripts.SaveCurrentView -->
