<?xml version="1.0" encoding="UTF-8"?>
<!-- Generated by org.testng.reporters.JUnitReportReporter -->
<testsuite hostname="Leosavan" name="EncorDashboard.TestScripts.SaveCurrentView" tests="1" failures="0" timestamp="7 Dec 2017 10:13:51 GMT" time="76.128" errors="0">
  <testcase name="SaveView" time="76.128" classname="EncorDashboard.TestScripts.SaveCurrentView"/>
</testsuite> <!-- EncorDashboard.TestScripts.SaveCurrentView -->
