<?xml version="1.0" encoding="UTF-8"?>
<!-- Generated by org.testng.reporters.JUnitReportReporter -->
<testsuite hostname="Leosavan" name="EncorDashboard.TestScripts.ExportFile" tests="1" failures="0" timestamp="3 Jul 2018 13:15:18 GMT" time="155.663" errors="0">
  <testcase name="ExportDashboard" time="155.663" classname="EncorDashboard.TestScripts.ExportFile"/>
</testsuite> <!-- EncorDashboard.TestScripts.ExportFile -->
