<?xml version="1.0" encoding="UTF-8"?>
<!-- Generated by org.testng.reporters.JUnitReportReporter -->
<testsuite hostname="Leosavan" name="EncorDashboard.TestScripts.UserAdministration" tests="1" failures="0" timestamp="5 Jul 2018 14:56:47 GMT" time="52.204" errors="0">
  <testcase name="UserAdministration" time="52.204" classname="EncorDashboard.TestScripts.UserAdministration"/>
</testsuite> <!-- EncorDashboard.TestScripts.UserAdministration -->
