<?xml version="1.0" encoding="UTF-8"?>
<!-- Generated by org.testng.reporters.JUnitReportReporter -->
<testsuite hostname="DESKTOP-6I31IJP" failures="0" tests="1" name="EncorDashboard.TestScripts.SaveCurrentView" time="100.344" errors="0" timestamp="18 Jan 2019 12:48:12 GMT">
  <testcase classname="EncorDashboard.TestScripts.SaveCurrentView" name="SaveView" time="100.344"/>
</testsuite> <!-- EncorDashboard.TestScripts.SaveCurrentView -->
