<?xml version="1.0" encoding="UTF-8"?>
<!-- Generated by org.testng.reporters.JUnitReportReporter -->
<testsuite hostname="Leosavan" name="EncorDashboard.TestScripts.ChangeDashboard" tests="1" failures="0" timestamp="2 Jul 2018 13:51:57 GMT" time="154.345" errors="0">
  <testcase name="ChangeDashboard" time="154.345" classname="EncorDashboard.TestScripts.ChangeDashboard"/>
</testsuite> <!-- EncorDashboard.TestScripts.ChangeDashboard -->
