<?xml version="1.0" encoding="UTF-8"?>
<!-- Generated by org.testng.reporters.JUnitReportReporter -->
<testsuite hostname="Leosavan" name="EncorDashboard.TestScripts.SetResetDashboard" tests="1" failures="0" timestamp="3 Jul 2018 13:15:18 GMT" time="161.538" errors="0">
  <testcase name="SetResetDashboard" time="161.538" classname="EncorDashboard.TestScripts.SetResetDashboard"/>
</testsuite> <!-- EncorDashboard.TestScripts.SetResetDashboard -->
