<?xml version="1.0" encoding="UTF-8"?>
<!-- Generated by org.testng.reporters.JUnitReportReporter -->
<testsuite hostname="Leosavan" name="EncorDashboard.TestScripts.UserAdministration" tests="1" failures="0" timestamp="30 Jul 2018 16:51:39 GMT" time="421.495" errors="0">
  <testcase name="UserAdministration" time="421.495" classname="EncorDashboard.TestScripts.UserAdministration"/>
</testsuite> <!-- EncorDashboard.TestScripts.UserAdministration -->
