<?xml version="1.0" encoding="UTF-8"?>
<!-- Generated by org.testng.reporters.JUnitReportReporter -->
<testsuite hostname="Leosavan" name="EncorDashboard.TestScripts.UserAccess" tests="1" failures="0" timestamp="5 Jul 2018 14:56:47 GMT" time="53.338" errors="0">
  <testcase name="UserAccess" time="53.338" classname="EncorDashboard.TestScripts.UserAccess"/>
</testsuite> <!-- EncorDashboard.TestScripts.UserAccess -->
