<?xml version="1.0" encoding="UTF-8"?>
<!-- Generated by org.testng.reporters.JUnitReportReporter -->
<testsuite hostname="Leosavan" name="EncorDashboard.TestScripts.ChangeDashboard" tests="1" failures="0" timestamp="5 Jul 2018 14:56:47 GMT" time="65.906" errors="0">
  <testcase name="ChangeDashboard" time="65.906" classname="EncorDashboard.TestScripts.ChangeDashboard"/>
</testsuite> <!-- EncorDashboard.TestScripts.ChangeDashboard -->
