<?xml version="1.0" encoding="UTF-8"?>
<!-- Generated by org.testng.reporters.JUnitReportReporter -->
<testsuite hostname="Leosavan" name="EncorDashboard.TestScripts.SetResetDashboard" tests="1" failures="0" timestamp="5 Jul 2018 14:56:47 GMT" time="90.163" errors="0">
  <testcase name="SetResetDashboard" time="90.163" classname="EncorDashboard.TestScripts.SetResetDashboard"/>
</testsuite> <!-- EncorDashboard.TestScripts.SetResetDashboard -->
