<?xml version="1.0" encoding="UTF-8"?>
<!-- Generated by org.testng.reporters.JUnitReportReporter -->
<testsuite hostname="Leosavan" name="EncorDashboard.TestScripts.ScoreCard" tests="1" failures="0" timestamp="27 Sep 2017 11:43:21 GMT" time="65.741" errors="0">
  <testcase name="ScoreCardDashboard" time="65.741" classname="EncorDashboard.TestScripts.ScoreCard"/>
</testsuite> <!-- EncorDashboard.TestScripts.ScoreCard -->
