<?xml version="1.0" encoding="UTF-8"?>
<!-- Generated by org.testng.reporters.JUnitReportReporter -->
<testsuite hostname="Leosavan" name="EncorDashboard.TestScripts.UserAccess" tests="1" failures="0" timestamp="29 Jun 2018 09:51:04 GMT" time="102.313" errors="0">
  <testcase name="UserAccess" time="102.313" classname="EncorDashboard.TestScripts.UserAccess"/>
</testsuite> <!-- EncorDashboard.TestScripts.UserAccess -->
